[2020-06-08 18:47:14] local.ERROR: Route [category] not defined. (View: D:\Projects\wamp64\www\palak\dynamic-cascading-dropdown-with-livewire\resources\views\home.blade.php) {"userId":1,"exception":"[object] (ErrorException(code: 0): Route [category] not defined. (View: D:\\Projects\\wamp64\\www\\palak\\dynamic-cascading-dropdown-with-livewire\esources\\views\\home.blade.php) at D:\\Projects\\wamp64\\www\\palak\\dynamic-cascading-dropdown-with-livewire\\vendor\\laravel\\framework\\src\\Illuminate\\Routing\\UrlGenerator.php:420)
[stacktrace]
#0 D:\\Projects\\wamp64\\www\\palak\\dynamic-cascading-dropdown-with-livewire\\vendor\\livewire\\livewire\\src\\CompilerEngine.php(41): Illuminate\\View\\Engines\\CompilerEngine->handleViewException(Object(Symfony\\Component\\Routing\\Exception\\RouteNotFoundException), 1)
#1 D:\\Projects\\wamp64\\www\\palak\\dynamic-cascading-dropdown-with-livewire\\vendor\\laravel\\framework\\src\\Illuminate\\View\\Engines\\PhpEngine.php(43): Livewire\\CompilerEngine->handleViewException(Object(Symfony\\Component\\Routing\\Exception\\RouteNotFoundException), 1)
#2 D:\\Projects\\wamp64\\www\\palak\\dynamic-cascading-dropdown-with-livewire\\vendor\\livewire\\livewire\\src\\LivewireViewCompilerEngine.php(36): Illuminate\\View\\Engines\\PhpEngine->evaluatePath('D:\\\\Projects\\\\wam...', Array)
#3 D:\\Projects\\wamp64\\www\\palak\\dynamic-cascading-dropdown-with-livewire\\vendor\\laravel\\framework\\src\\Illuminate\\View\\Engines\\CompilerEngine.php(57): Livewire\\LivewireViewCompilerEngine->evaluatePath('D:\\\\Projects\\\\wam...', Array)
#4 D:\\Projects\\wamp64\\www\\palak\\dynamic-cascading-dropdown-with-livewire\\vendor\\laravel\\framework\\src\\Illuminate\\View\\View.php(139): Illuminate\\View\\Engines\\CompilerEngine->get('D:\\\\Projects\\\\wam...', Array)
#5 D:\\Projects\\wamp64\\www\\palak\\dynamic-cascading-dropdown-with-livewire\\vendor\\laravel\\framework\\src\\Illuminate\\View\\View.php(122): Illuminate\\View\\View->getContents()
#6 D:\\Projects\\wamp64\\www\\palak\\dynamic-cascading-dropdown-with-livewire\\vendor\\laravel\\framework\\src\\Illuminate\\View\\View.php(91): Illuminate\\View\\View->renderContents()
#7 D:\\Projects\\wamp64\\www\\palak\\dynamic-cascading-dropdown-with-livewire\\vendor\\laravel\\framework\\src\\Illuminate\\Http\\Response.php(62): Illuminate\\View\\View->render()
#8 D:\\Projects\\wamp64\\www\\palak\\dynamic-cascading-dropdown-with-livewire\\vendor\\laravel\\framework\\src\\Illuminate\\Http\\Response.php(34): Illuminate\\Http\\Response->setContent(Object(Illuminate\\View\\View))
#9 D:\\Projects\\wamp64\\www\\palak\\dynamic-cascading-dropdown-with-livewire\\vendor\\laravel\\framework\\src\\Illuminate\\Routing\\Router.php(759): Illuminate\\Http\\Response->__construct(Object(Illuminate\\View\\View), 200, Array)
#10 D:\\Projects\\wamp64\\www\\palak\\dynamic-cascading-dropdown-with-livewire\\vendor\\laravel\\framework\\src\\Illuminate\\Routing\\Router.php(731): Illuminate\\Routing\\Router::toResponse(Object(Illuminate\\Http\\Request), Object(Illuminate\\View\\View))
#11 D:\\Projects\\wamp64\\www\\palak\\dynamic-cascading-dropdown-with-livewire\\vendor\\laravel\\framework\\src\\Illuminate\\Routing\\Router.php(685): Illuminate\\Routing\\Router->prepareResponse(Object(Illuminate\\Http\\Request), Object(Illuminate\\View\\View))
#12 D:\\Projects\\wamp64\\www\\palak\\dynamic-cascading-dropdown-with-livewire\\vendor\\laravel\\framework\\src\\Illuminate\\Pipeline\\Pipeline.php(128): Illuminate\\Routing\\Router->Illuminate\\Routing\\{closure}(Object(Illuminate\\Http\\Request))
#13 D:\\Projects\\wamp64\\www\\palak\\dynamic-cascading-dropdown-with-livewire\\vendor\\laravel\\framework\\src\\Illuminate\\Routing\\Middleware\\SubstituteBindings.php(41): Illuminate\\Pipeline\\Pipeline->Illuminate\\Pipeline\\{closure}(Object(Illuminate\\Http\\Request))
#14 D:\\Projects\\wamp64\\www\\palak\\dynamic-cascading-dropdown-with-livewire\\vendor\\laravel\\framework\\src\\Illuminate\\Pipeline\\Pipeline.php(167): Illuminate\\Routing\\Middleware\\SubstituteBindings->handle(Object(Illuminate\\Http\\Request), Object(Closure))
#15 D:\\Projects\\wamp64\\www\\palak\\dynamic-cascading-dropdown-with-livewire\\vendor\\laravel\\framework\\src\\Illuminate\\Auth\\Middleware\\Authenticate.php(44): Illuminate\\Pipeline\\Pipeline->Illuminate\\Pipeline\\{closure}(Object(Illuminate\\Http\\Request))
#16 D:\\Projects\\wamp64\\www\\palak\\dynamic-cascading-dropdown-with-livewire\\vendor\\laravel\\framework\\src\\Illuminate\\Pipeline\\Pipeline.php(167): Illuminate\\Auth\\Middleware\\Authenticate->handle(Object(Illuminate\\Http\\Request), Object(Closure))
#17 D:\\Projects\\wamp64\\www\\palak\\dynamic-cascading-dropdown-with-livewire\\vendor\\laravel\\framework\\src\\Illuminate\\Foundation\\Http\\Middleware\\VerifyCsrfToken.php(76): Illuminate\\Pipeline\\Pipeline->Illuminate\\Pipeline\\{closure}(Object(Illuminate\\Http\\Request))
#18 D:\\Projects\\wamp64\\www\\palak\\dynamic-cascading-dropdown-with-livewire\\vendor\\laravel\\framework\\src\\Illuminate\\Pipeline\\Pipeline.php(167): Illuminate\\Foundation\\Http\\Middleware\\VerifyCsrfToken->handle(Object(Illuminate\\Http\\Request), Object(Closure))
#19 D:\\Projects\\wamp64\\www\\palak\\dynamic-cascading-dropdown-with-livewire\\vendor\\laravel\\framework\\src\\Illuminate\\View\\Middleware\\ShareErrorsFromSession.php(49): Illuminate\\Pipeline\\Pipeline->Illuminate\\Pipeline\\{closure}(Object(Illuminate\\Http\\Request))
#20 D:\\Projects\\wamp64\\www\\palak\\dynamic-cascading-dropdown-with-livewire\\vendor\\laravel\\framework\\src\\Illuminate\\Pipeline\\Pipeline.php(167): Illuminate\\View\\Middleware\\ShareErrorsFromSession->handle(Object(Illuminate\\Http\\Request), Object(Closure))
#21 D:\\Projects\\wamp64\\www\\palak\\dynamic-cascading-dropdown-with-livewire\\vendor\\laravel\\framework\\src\\Illuminate\\Session\\Middleware\\StartSession.php(116): Illuminate\\Pipeline\\Pipeline->Illuminate\\Pipeline\\{closure}(Object(Illuminate\\Http\\Request))
#22 D:\\Projects\\wamp64\\www\\palak\\dynamic-cascading-dropdown-with-livewire\\vendor\\laravel\\framework\\src\\Illuminate\\Session\\Middleware\\StartSession.php(62): Illuminate\\Session\\Middleware\\StartSession->handleStatefulRequest(Object(Illuminate\\Http\\Request), Object(Illuminate\\Session\\Store), Object(Closure))
#23 D:\\Projects\\wamp64\\www\\palak\\dynamic-cascading-dropdown-with-livewire\\vendor\\laravel\\framework\\src\\Illuminate\\Pipeline\\Pipeline.php(167): Illuminate\\Session\\Middleware\\StartSession->handle(Object(Illuminate\\Http\\Request), Object(Closure))
#24 D:\\Projects\\wamp64\\www\\palak\\dynamic-cascading-dropdown-with-livewire\\vendor\\laravel\\framework\\src\\Illuminate\\Cookie\\Middleware\\AddQueuedCookiesToResponse.php(37): Illuminate\\Pipeline\\Pipeline->Illuminate\\Pipeline\\{closure}(Object(Illuminate\\Http\\Request))
#25 D:\\Projects\\wamp64\\www\\palak\\dynamic-cascading-dropdown-with-livewire\\vendor\\laravel\\framework\\src\\Illuminate\\Pipeline\\Pipeline.php(167): Illuminate\\Cookie\\Middleware\\AddQueuedCookiesToResponse->handle(Object(Illuminate\\Http\\Request), Object(Closure))
#26 D:\\Projects\\wamp64\\www\\palak\\dynamic-cascading-dropdown-with-livewire\\vendor\\laravel\\framework\\src\\Illuminate\\Cookie\\Middleware\\EncryptCookies.php(66): Illuminate\\Pipeline\\Pipeline->Illuminate\\Pipeline\\{closure}(Object(Illuminate\\Http\\Request))
#27 D:\\Projects\\wamp64\\www\\palak\\dynamic-cascading-dropdown-with-livewire\\vendor\\laravel\\framework\\src\\Illuminate\\Pipeline\\Pipeline.php(167): Illuminate\\Cookie\\Middleware\\EncryptCookies->handle(Object(Illuminate\\Http\\Request), Object(Closure))
#28 D:\\Projects\\wamp64\\www\\palak\\dynamic-cascading-dropdown-with-livewire\\vendor\\laravel\\framework\\src\\Illuminate\\Pipeline\\Pipeline.php(103): Illuminate\\Pipeline\\Pipeline->Illuminate\\Pipeline\\{closure}(Object(Illuminate\\Http\\Request))
#29 D:\\Projects\\wamp64\\www\\palak\\dynamic-cascading-dropdown-with-livewire\\vendor\\laravel\\framework\\src\\Illuminate\\Routing\\Router.php(687): Illuminate\\Pipeline\\Pipeline->then(Object(Closure))
#30 D:\\Projects\\wamp64\\www\\palak\\dynamic-cascading-dropdown-with-livewire\\vendor\\laravel\\framework\\src\\Illuminate\\Routing\\Router.php(662): Illuminate\\Routing\\Router->runRouteWithinStack(Object(Illuminate\\Routing\\Route), Object(Illuminate\\Http\\Request))
#31 D:\\Projects\\wamp64\\www\\palak\\dynamic-cascading-dropdown-with-livewire\\vendor\\laravel\\framework\\src\\Illuminate\\Routing\\Router.php(628): Illuminate\\Routing\\Router->runRoute(Object(Illuminate\\Http\\Request), Object(Illuminate\\Routing\\Route))
#32 D:\\Projects\\wamp64\\www\\palak\\dynamic-cascading-dropdown-with-livewire\\vendor\\laravel\\framework\\src\\Illuminate\\Routing\\Router.php(617): Illuminate\\Routing\\Router->dispatchToRoute(Object(Illuminate\\Http\\Request))
#33 D:\\Projects\\wamp64\\www\\palak\\dynamic-cascading-dropdown-with-livewire\\vendor\\laravel\\framework\\src\\Illuminate\\Foundation\\Http\\Kernel.php(165): Illuminate\\Routing\\Router->dispatch(Object(Illuminate\\Http\\Request))
#34 D:\\Projects\\wamp64\\www\\palak\\dynamic-cascading-dropdown-with-livewire\\vendor\\laravel\\framework\\src\\Illuminate\\Pipeline\\Pipeline.php(128): Illuminate\\Foundation\\Http\\Kernel->Illuminate\\Foundation\\Http\\{closure}(Object(Illuminate\\Http\\Request))
#35 D:\\Projects\\wamp64\\www\\palak\\dynamic-cascading-dropdown-with-livewire\\vendor\\laravel\\framework\\src\\Illuminate\\Foundation\\Http\\Middleware\\TransformsRequest.php(21): Illuminate\\Pipeline\\Pipeline->Illuminate\\Pipeline\\{closure}(Object(Illuminate\\Http\\Request))
#36 D:\\Projects\\wamp64\\www\\palak\\dynamic-cascading-dropdown-with-livewire\\vendor\\laravel\\framework\\src\\Illuminate\\Pipeline\\Pipeline.php(167): Illuminate\\Foundation\\Http\\Middleware\\TransformsRequest->handle(Object(Illuminate\\Http\\Request), Object(Closure))
#37 D:\\Projects\\wamp64\\www\\palak\\dynamic-cascading-dropdown-with-livewire\\vendor\\laravel\\framework\\src\\Illuminate\\Foundation\\Http\\Middleware\\TransformsRequest.php(21): Illuminate\\Pipeline\\Pipeline->Illuminate\\Pipeline\\{closure}(Object(Illuminate\\Http\\Request))
#38 D:\\Projects\\wamp64\\www\\palak\\dynamic-cascading-dropdown-with-livewire\\vendor\\laravel\\framework\\src\\Illuminate\\Pipeline\\Pipeline.php(167): Illuminate\\Foundation\\Http\\Middleware\\TransformsRequest->handle(Object(Illuminate\\Http\\Request), Object(Closure))
#39 D:\\Projects\\wamp64\\www\\palak\\dynamic-cascading-dropdown-with-livewire\\vendor\\laravel\\framework\\src\\Illuminate\\Foundation\\Http\\Middleware\\ValidatePostSize.php(27): Illuminate\\Pipeline\\Pipeline->Illuminate\\Pipeline\\{closure}(Object(Illuminate\\Http\\Request))
#40 D:\\Projects\\wamp64\\www\\palak\\dynamic-cascading-dropdown-with-livewire\\vendor\\laravel\\framework\\src\\Illuminate\\Pipeline\\Pipeline.php(167): Illuminate\\Foundation\\Http\\Middleware\\ValidatePostSize->handle(Object(Illuminate\\Http\\Request), Object(Closure))
#41 D:\\Projects\\wamp64\\www\\palak\\dynamic-cascading-dropdown-with-livewire\\vendor\\laravel\\framework\\src\\Illuminate\\Foundation\\Http\\Middleware\\CheckForMaintenanceMode.php(63): Illuminate\\Pipeline\\Pipeline->Illuminate\\Pipeline\\{closure}(Object(Illuminate\\Http\\Request))
#42 D:\\Projects\\wamp64\\www\\palak\\dynamic-cascading-dropdown-with-livewire\\vendor\\laravel\\framework\\src\\Illuminate\\Pipeline\\Pipeline.php(167): Illuminate\\Foundation\\Http\\Middleware\\CheckForMaintenanceMode->handle(Object(Illuminate\\Http\\Request), Object(Closure))
#43 D:\\Projects\\wamp64\\www\\palak\\dynamic-cascading-dropdown-with-livewire\\vendor\\fruitcake\\laravel-cors\\src\\HandleCors.php(37): Illuminate\\Pipeline\\Pipeline->Illuminate\\Pipeline\\{closure}(Object(Illuminate\\Http\\Request))
#44 D:\\Projects\\wamp64\\www\\palak\\dynamic-cascading-dropdown-with-livewire\\vendor\\laravel\\framework\\src\\Illuminate\\Pipeline\\Pipeline.php(167): Fruitcake\\Cors\\HandleCors->handle(Object(Illuminate\\Http\\Request), Object(Closure))
#45 D:\\Projects\\wamp64\\www\\palak\\dynamic-cascading-dropdown-with-livewire\\vendor\\fideloper\\proxy\\src\\TrustProxies.php(57): Illuminate\\Pipeline\\Pipeline->Illuminate\\Pipeline\\{closure}(Object(Illuminate\\Http\\Request))
#46 D:\\Projects\\wamp64\\www\\palak\\dynamic-cascading-dropdown-with-livewire\\vendor\\laravel\\framework\\src\\Illuminate\\Pipeline\\Pipeline.php(167): Fideloper\\Proxy\\TrustProxies->handle(Object(Illuminate\\Http\\Request), Object(Closure))
#47 D:\\Projects\\wamp64\\www\\palak\\dynamic-cascading-dropdown-with-livewire\\vendor\\laravel\\framework\\src\\Illuminate\\Pipeline\\Pipeline.php(103): Illuminate\\Pipeline\\Pipeline->Illuminate\\Pipeline\\{closure}(Object(Illuminate\\Http\\Request))
#48 D:\\Projects\\wamp64\\www\\palak\\dynamic-cascading-dropdown-with-livewire\\vendor\\laravel\\framework\\src\\Illuminate\\Foundation\\Http\\Kernel.php(140): Illuminate\\Pipeline\\Pipeline->then(Object(Closure))
#49 D:\\Projects\\wamp64\\www\\palak\\dynamic-cascading-dropdown-with-livewire\\vendor\\laravel\\framework\\src\\Illuminate\\Foundation\\Http\\Kernel.php(109): Illuminate\\Foundation\\Http\\Kernel->sendRequestThroughRouter(Object(Illuminate\\Http\\Request))
#50 D:\\Projects\\wamp64\\www\\palak\\dynamic-cascading-dropdown-with-livewire\\public\\index.php(55): Illuminate\\Foundation\\Http\\Kernel->handle(Object(Illuminate\\Http\\Request))
#51 D:\\Projects\\wamp64\\www\\palak\\dynamic-cascading-dropdown-with-livewire\\server.php(21): require_once('D:\\\\Projects\\\\wam...')
#52 {main}

[previous exception] [object] (Symfony\\Component\\Routing\\Exception\\RouteNotFoundException(code: 0): Route [category] not defined. at D:\\Projects\\wamp64\\www\\palak\\dynamic-cascading-dropdown-with-livewire\\vendor\\laravel\\framework\\src\\Illuminate\\Routing\\UrlGenerator.php:420)
[stacktrace]
#0 D:\\Projects\\wamp64\\www\\palak\\dynamic-cascading-dropdown-with-livewire\\vendor\\laravel\\framework\\src\\Illuminate\\Foundation\\helpers.php(768): Illuminate\\Routing\\UrlGenerator->route('category', Array, true)
#1 D:\\Projects\\wamp64\\www\\palak\\dynamic-cascading-dropdown-with-livewire\\storage\\framework\\views\\f7b8496fd162fe7923e9886e1aaebae40975bac9.php(18): route('category')
#2 D:\\Projects\\wamp64\\www\\palak\\dynamic-cascading-dropdown-with-livewire\\vendor\\laravel\\framework\\src\\Illuminate\\View\\Engines\\PhpEngine.php(41): include('D:\\\\Projects\\\\wam...')
#3 D:\\Projects\\wamp64\\www\\palak\\dynamic-cascading-dropdown-with-livewire\\vendor\\livewire\\livewire\\src\\LivewireViewCompilerEngine.php(36): Illuminate\\View\\Engines\\PhpEngine->evaluatePath('D:\\\\Projects\\\\wam...', Array)
#4 D:\\Projects\\wamp64\\www\\palak\\dynamic-cascading-dropdown-with-livewire\\vendor\\laravel\\framework\\src\\Illuminate\\View\\Engines\\CompilerEngine.php(57): Livewire\\LivewireViewCompilerEngine->evaluatePath('D:\\\\Projects\\\\wam...', Array)
#5 D:\\Projects\\wamp64\\www\\palak\\dynamic-cascading-dropdown-with-livewire\\vendor\\laravel\\framework\\src\\Illuminate\\View\\View.php(139): Illuminate\\View\\Engines\\CompilerEngine->get('D:\\\\Projects\\\\wam...', Array)
#6 D:\\Projects\\wamp64\\www\\palak\\dynamic-cascading-dropdown-with-livewire\\vendor\\laravel\\framework\\src\\Illuminate\\View\\View.php(122): Illuminate\\View\\View->getContents()
#7 D:\\Projects\\wamp64\\www\\palak\\dynamic-cascading-dropdown-with-livewire\\vendor\\laravel\\framework\\src\\Illuminate\\View\\View.php(91): Illuminate\\View\\View->renderContents()
#8 D:\\Projects\\wamp64\\www\\palak\\dynamic-cascading-dropdown-with-livewire\\vendor\\laravel\\framework\\src\\Illuminate\\Http\\Response.php(62): Illuminate\\View\\View->render()
#9 D:\\Projects\\wamp64\\www\\palak\\dynamic-cascading-dropdown-with-livewire\\vendor\\laravel\\framework\\src\\Illuminate\\Http\\Response.php(34): Illuminate\\Http\\Response->setContent(Object(Illuminate\\View\\View))
#10 D:\\Projects\\wamp64\\www\\palak\\dynamic-cascading-dropdown-with-livewire\\vendor\\laravel\\framework\\src\\Illuminate\\Routing\\Router.php(759): Illuminate\\Http\\Response->__construct(Object(Illuminate\\View\\View), 200, Array)
#11 D:\\Projects\\wamp64\\www\\palak\\dynamic-cascading-dropdown-with-livewire\\vendor\\laravel\\framework\\src\\Illuminate\\Routing\\Router.php(731): Illuminate\\Routing\\Router::toResponse(Object(Illuminate\\Http\\Request), Object(Illuminate\\View\\View))
#12 D:\\Projects\\wamp64\\www\\palak\\dynamic-cascading-dropdown-with-livewire\\vendor\\laravel\\framework\\src\\Illuminate\\Routing\\Router.php(685): Illuminate\\Routing\\Router->prepareResponse(Object(Illuminate\\Http\\Request), Object(Illuminate\\View\\View))
#13 D:\\Projects\\wamp64\\www\\palak\\dynamic-cascading-dropdown-with-livewire\\vendor\\laravel\\framework\\src\\Illuminate\\Pipeline\\Pipeline.php(128): Illuminate\\Routing\\Router->Illuminate\\Routing\\{closure}(Object(Illuminate\\Http\\Request))
#14 D:\\Projects\\wamp64\\www\\palak\\dynamic-cascading-dropdown-with-livewire\\vendor\\laravel\\framework\\src\\Illuminate\\Routing\\Middleware\\SubstituteBindings.php(41): Illuminate\\Pipeline\\Pipeline->Illuminate\\Pipeline\\{closure}(Object(Illuminate\\Http\\Request))
#15 D:\\Projects\\wamp64\\www\\palak\\dynamic-cascading-dropdown-with-livewire\\vendor\\laravel\\framework\\src\\Illuminate\\Pipeline\\Pipeline.php(167): Illuminate\\Routing\\Middleware\\SubstituteBindings->handle(Object(Illuminate\\Http\\Request), Object(Closure))
#16 D:\\Projects\\wamp64\\www\\palak\\dynamic-cascading-dropdown-with-livewire\\vendor\\laravel\\framework\\src\\Illuminate\\Auth\\Middleware\\Authenticate.php(44): Illuminate\\Pipeline\\Pipeline->Illuminate\\Pipeline\\{closure}(Object(Illuminate\\Http\\Request))
#17 D:\\Projects\\wamp64\\www\\palak\\dynamic-cascading-dropdown-with-livewire\\vendor\\laravel\\framework\\src\\Illuminate\\Pipeline\\Pipeline.php(167): Illuminate\\Auth\\Middleware\\Authenticate->handle(Object(Illuminate\\Http\\Request), Object(Closure))
#18 D:\\Projects\\wamp64\\www\\palak\\dynamic-cascading-dropdown-with-livewire\\vendor\\laravel\\framework\\src\\Illuminate\\Foundation\\Http\\Middleware\\VerifyCsrfToken.php(76): Illuminate\\Pipeline\\Pipeline->Illuminate\\Pipeline\\{closure}(Object(Illuminate\\Http\\Request))
#19 D:\\Projects\\wamp64\\www\\palak\\dynamic-cascading-dropdown-with-livewire\\vendor\\laravel\\framework\\src\\Illuminate\\Pipeline\\Pipeline.php(167): Illuminate\\Foundation\\Http\\Middleware\\VerifyCsrfToken->handle(Object(Illuminate\\Http\\Request), Object(Closure))
#20 D:\\Projects\\wamp64\\www\\palak\\dynamic-cascading-dropdown-with-livewire\\vendor\\laravel\\framework\\src\\Illuminate\\View\\Middleware\\ShareErrorsFromSession.php(49): Illuminate\\Pipeline\\Pipeline->Illuminate\\Pipeline\\{closure}(Object(Illuminate\\Http\\Request))
#21 D:\\Projects\\wamp64\\www\\palak\\dynamic-cascading-dropdown-with-livewire\\vendor\\laravel\\framework\\src\\Illuminate\\Pipeline\\Pipeline.php(167): Illuminate\\View\\Middleware\\ShareErrorsFromSession->handle(Object(Illuminate\\Http\\Request), Object(Closure))
#22 D:\\Projects\\wamp64\\www\\palak\\dynamic-cascading-dropdown-with-livewire\\vendor\\laravel\\framework\\src\\Illuminate\\Session\\Middleware\\StartSession.php(116): Illuminate\\Pipeline\\Pipeline->Illuminate\\Pipeline\\{closure}(Object(Illuminate\\Http\\Request))
#23 D:\\Projects\\wamp64\\www\\palak\\dynamic-cascading-dropdown-with-livewire\\vendor\\laravel\\framework\\src\\Illuminate\\Session\\Middleware\\StartSession.php(62): Illuminate\\Session\\Middleware\\StartSession->handleStatefulRequest(Object(Illuminate\\Http\\Request), Object(Illuminate\\Session\\Store), Object(Closure))
#24 D:\\Projects\\wamp64\\www\\palak\\dynamic-cascading-dropdown-with-livewire\\vendor\\laravel\\framework\\src\\Illuminate\\Pipeline\\Pipeline.php(167): Illuminate\\Session\\Middleware\\StartSession->handle(Object(Illuminate\\Http\\Request), Object(Closure))
#25 D:\\Projects\\wamp64\\www\\palak\\dynamic-cascading-dropdown-with-livewire\\vendor\\laravel\\framework\\src\\Illuminate\\Cookie\\Middleware\\AddQueuedCookiesToResponse.php(37): Illuminate\\Pipeline\\Pipeline->Illuminate\\Pipeline\\{closure}(Object(Illuminate\\Http\\Request))
#26 D:\\Projects\\wamp64\\www\\palak\\dynamic-cascading-dropdown-with-livewire\\vendor\\laravel\\framework\\src\\Illuminate\\Pipeline\\Pipeline.php(167): Illuminate\\Cookie\\Middleware\\AddQueuedCookiesToResponse->handle(Object(Illuminate\\Http\\Request), Object(Closure))
#27 D:\\Projects\\wamp64\\www\\palak\\dynamic-cascading-dropdown-with-livewire\\vendor\\laravel\\framework\\src\\Illuminate\\Cookie\\Middleware\\EncryptCookies.php(66): Illuminate\\Pipeline\\Pipeline->Illuminate\\Pipeline\\{closure}(Object(Illuminate\\Http\\Request))
#28 D:\\Projects\\wamp64\\www\\palak\\dynamic-cascading-dropdown-with-livewire\\vendor\\laravel\\framework\\src\\Illuminate\\Pipeline\\Pipeline.php(167): Illuminate\\Cookie\\Middleware\\EncryptCookies->handle(Object(Illuminate\\Http\\Request), Object(Closure))
#29 D:\\Projects\\wamp64\\www\\palak\\dynamic-cascading-dropdown-with-livewire\\vendor\\laravel\\framework\\src\\Illuminate\\Pipeline\\Pipeline.php(103): Illuminate\\Pipeline\\Pipeline->Illuminate\\Pipeline\\{closure}(Object(Illuminate\\Http\\Request))
#30 D:\\Projects\\wamp64\\www\\palak\\dynamic-cascading-dropdown-with-livewire\\vendor\\laravel\\framework\\src\\Illuminate\\Routing\\Router.php(687): Illuminate\\Pipeline\\Pipeline->then(Object(Closure))
#31 D:\\Projects\\wamp64\\www\\palak\\dynamic-cascading-dropdown-with-livewire\\vendor\\laravel\\framework\\src\\Illuminate\\Routing\\Router.php(662): Illuminate\\Routing\\Router->runRouteWithinStack(Object(Illuminate\\Routing\\Route), Object(Illuminate\\Http\\Request))
#32 D:\\Projects\\wamp64\\www\\palak\\dynamic-cascading-dropdown-with-livewire\\vendor\\laravel\\framework\\src\\Illuminate\\Routing\\Router.php(628): Illuminate\\Routing\\Router->runRoute(Object(Illuminate\\Http\\Request), Object(Illuminate\\Routing\\Route))
#33 D:\\Projects\\wamp64\\www\\palak\\dynamic-cascading-dropdown-with-livewire\\vendor\\laravel\\framework\\src\\Illuminate\\Routing\\Router.php(617): Illuminate\\Routing\\Router->dispatchToRoute(Object(Illuminate\\Http\\Request))
#34 D:\\Projects\\wamp64\\www\\palak\\dynamic-cascading-dropdown-with-livewire\\vendor\\laravel\\framework\\src\\Illuminate\\Foundation\\Http\\Kernel.php(165): Illuminate\\Routing\\Router->dispatch(Object(Illuminate\\Http\\Request))
#35 D:\\Projects\\wamp64\\www\\palak\\dynamic-cascading-dropdown-with-livewire\\vendor\\laravel\\framework\\src\\Illuminate\\Pipeline\\Pipeline.php(128): Illuminate\\Foundation\\Http\\Kernel->Illuminate\\Foundation\\Http\\{closure}(Object(Illuminate\\Http\\Request))
#36 D:\\Projects\\wamp64\\www\\palak\\dynamic-cascading-dropdown-with-livewire\\vendor\\laravel\\framework\\src\\Illuminate\\Foundation\\Http\\Middleware\\TransformsRequest.php(21): Illuminate\\Pipeline\\Pipeline->Illuminate\\Pipeline\\{closure}(Object(Illuminate\\Http\\Request))
#37 D:\\Projects\\wamp64\\www\\palak\\dynamic-cascading-dropdown-with-livewire\\vendor\\laravel\\framework\\src\\Illuminate\\Pipeline\\Pipeline.php(167): Illuminate\\Foundation\\Http\\Middleware\\TransformsRequest->handle(Object(Illuminate\\Http\\Request), Object(Closure))
#38 D:\\Projects\\wamp64\\www\\palak\\dynamic-cascading-dropdown-with-livewire\\vendor\\laravel\\framework\\src\\Illuminate\\Foundation\\Http\\Middleware\\TransformsRequest.php(21): Illuminate\\Pipeline\\Pipeline->Illuminate\\Pipeline\\{closure}(Object(Illuminate\\Http\\Request))
#39 D:\\Projects\\wamp64\\www\\palak\\dynamic-cascading-dropdown-with-livewire\\vendor\\laravel\\framework\\src\\Illuminate\\Pipeline\\Pipeline.php(167): Illuminate\\Foundation\\Http\\Middleware\\TransformsRequest->handle(Object(Illuminate\\Http\\Request), Object(Closure))
#40 D:\\Projects\\wamp64\\www\\palak\\dynamic-cascading-dropdown-with-livewire\\vendor\\laravel\\framework\\src\\Illuminate\\Foundation\\Http\\Middleware\\ValidatePostSize.php(27): Illuminate\\Pipeline\\Pipeline->Illuminate\\Pipeline\\{closure}(Object(Illuminate\\Http\\Request))
#41 D:\\Projects\\wamp64\\www\\palak\\dynamic-cascading-dropdown-with-livewire\\vendor\\laravel\\framework\\src\\Illuminate\\Pipeline\\Pipeline.php(167): Illuminate\\Foundation\\Http\\Middleware\\ValidatePostSize->handle(Object(Illuminate\\Http\\Request), Object(Closure))
#42 D:\\Projects\\wamp64\\www\\palak\\dynamic-cascading-dropdown-with-livewire\\vendor\\laravel\\framework\\src\\Illuminate\\Foundation\\Http\\Middleware\\CheckForMaintenanceMode.php(63): Illuminate\\Pipeline\\Pipeline->Illuminate\\Pipeline\\{closure}(Object(Illuminate\\Http\\Request))
#43 D:\\Projects\\wamp64\\www\\palak\\dynamic-cascading-dropdown-with-livewire\\vendor\\laravel\\framework\\src\\Illuminate\\Pipeline\\Pipeline.php(167): Illuminate\\Foundation\\Http\\Middleware\\CheckForMaintenanceMode->handle(Object(Illuminate\\Http\\Request), Object(Closure))
#44 D:\\Projects\\wamp64\\www\\palak\\dynamic-cascading-dropdown-with-livewire\\vendor\\fruitcake\\laravel-cors\\src\\HandleCors.php(37): Illuminate\\Pipeline\\Pipeline->Illuminate\\Pipeline\\{closure}(Object(Illuminate\\Http\\Request))
#45 D:\\Projects\\wamp64\\www\\palak\\dynamic-cascading-dropdown-with-livewire\\vendor\\laravel\\framework\\src\\Illuminate\\Pipeline\\Pipeline.php(167): Fruitcake\\Cors\\HandleCors->handle(Object(Illuminate\\Http\\Request), Object(Closure))
#46 D:\\Projects\\wamp64\\www\\palak\\dynamic-cascading-dropdown-with-livewire\\vendor\\fideloper\\proxy\\src\\TrustProxies.php(57): Illuminate\\Pipeline\\Pipeline->Illuminate\\Pipeline\\{closure}(Object(Illuminate\\Http\\Request))
#47 D:\\Projects\\wamp64\\www\\palak\\dynamic-cascading-dropdown-with-livewire\\vendor\\laravel\\framework\\src\\Illuminate\\Pipeline\\Pipeline.php(167): Fideloper\\Proxy\\TrustProxies->handle(Object(Illuminate\\Http\\Request), Object(Closure))
#48 D:\\Projects\\wamp64\\www\\palak\\dynamic-cascading-dropdown-with-livewire\\vendor\\laravel\\framework\\src\\Illuminate\\Pipeline\\Pipeline.php(103): Illuminate\\Pipeline\\Pipeline->Illuminate\\Pipeline\\{closure}(Object(Illuminate\\Http\\Request))
#49 D:\\Projects\\wamp64\\www\\palak\\dynamic-cascading-dropdown-with-livewire\\vendor\\laravel\\framework\\src\\Illuminate\\Foundation\\Http\\Kernel.php(140): Illuminate\\Pipeline\\Pipeline->then(Object(Closure))
#50 D:\\Projects\\wamp64\\www\\palak\\dynamic-cascading-dropdown-with-livewire\\vendor\\laravel\\framework\\src\\Illuminate\\Foundation\\Http\\Kernel.php(109): Illuminate\\Foundation\\Http\\Kernel->sendRequestThroughRouter(Object(Illuminate\\Http\\Request))
#51 D:\\Projects\\wamp64\\www\\palak\\dynamic-cascading-dropdown-with-livewire\\public\\index.php(55): Illuminate\\Foundation\\Http\\Kernel->handle(Object(Illuminate\\Http\\Request))
#52 D:\\Projects\\wamp64\\www\\palak\\dynamic-cascading-dropdown-with-livewire\\server.php(21): require_once('D:\\\\Projects\\\\wam...')
#53 {main}
"} 
